# JRE version: Java(TM) SE Runtime Environment (8.0_351-b10) (build 1.8.0_351-b10)
# Java VM: Java HotSpot(TM) 64-Bit Server VM (25.351-b10 mixed mode windows-amd64 compressed oops)
Heap:
 PSYoungGen      total 155648K, used 64352K [0x0000000742300000, 0x0000000758980000, 0x00000007c0000000)
  eden space 139776K, 37% used [0x0000000742300000,0x0000000745640b58,0x000000074ab80000)
  from space 15872K, 74% used [0x000000074d680000,0x000000074e217690,0x000000074e600000)
  to   space 44032K, 0% used [0x000000074ab80000,0x000000074ab80000,0x000000074d680000)
 ParOldGen       total 137728K, used 38853K [0x0000000646800000, 0x000000064ee80000, 0x0000000742300000)
  object space 137728K, 28% used [0x0000000646800000,0x0000000648df1470,0x000000064ee80000)
 Metaspace       used 30287K, capacity 30792K, committed 30896K, reserved 1077248K
  class space    used 3859K, capacity 4008K, committed 4016K, reserved 1048576K
GC Heap History (10 events):
Event: 4904.789 GC heap before
{Heap before GC invocations=12 (full 4):
 PSYoungGen      total 168448K, used 51588K [0x0000000742300000, 0x000000074ee80000, 0x00000007c0000000)
  eden space 167936K, 30% used [0x0000000742300000,0x0000000745561000,0x000000074c700000)
  from space 512K, 0% used [0x000000074d200000,0x000000074d200000,0x000000074d280000)
  to   space 15872K, 0% used [0x000000074df00000,0x000000074df00000,0x000000074ee80000)
 ParOldGen       total 137728K, used 35852K [0x0000000646800000, 0x000000064ee80000, 0x0000000742300000)
  object space 137728K, 26% used [0x0000000646800000,0x0000000648b03078,0x000000064ee80000)
 Metaspace       used 29727K, capacity 30184K, committed 30384K, reserved 1075200K
  class space    used 3843K, capacity 3976K, committed 4016K, reserved 1048576K
Event: 4904.800 GC heap after
Heap after GC invocations=12 (full 4):
 PSYoungGen      total 175104K, used 1264K [0x0000000742300000, 0x000000074e600000, 0x00000007c0000000)
  eden space 167936K, 0% used [0x0000000742300000,0x0000000742300000,0x000000074c700000)
  from space 7168K, 17% used [0x000000074df00000,0x000000074e03c010,0x000000074e600000)
  to   space 15872K, 0% used [0x000000074c700000,0x000000074c700000,0x000000074d680000)
 ParOldGen       total 137728K, used 35860K [0x0000000646800000, 0x000000064ee80000, 0x0000000742300000)
  object space 137728K, 26% used [0x0000000646800000,0x0000000648b05078,0x000000064ee80000)
 Metaspace       used 29727K, capacity 30184K, committed 30384K, reserved 1075200K
  class space    used 3843K, capacity 3976K, committed 4016K, reserved 1048576K
}
Event: 4904.800 GC heap before
{Heap before GC invocations=13 (full 5):
 PSYoungGen      total 175104K, used 1264K [0x0000000742300000, 0x000000074e600000, 0x00000007c0000000)
  eden space 167936K, 0% used [0x0000000742300000,0x0000000742300000,0x000000074c700000)
  from space 7168K, 17% used [0x000000074df00000,0x000000074e03c010,0x000000074e600000)
  to   space 15872K, 0% used [0x000000074c700000,0x000000074c700000,0x000000074d680000)
 ParOldGen       total 137728K, used 35860K [0x0000000646800000, 0x000000064ee80000, 0x0000000742300000)
  object space 137728K, 26% used [0x0000000646800000,0x0000000648b05078,0x000000064ee80000)
 Metaspace       used 29727K, capacity 30184K, committed 30384K, reserved 1075200K
  class space    used 3843K, capacity 3976K, committed 4016K, reserved 1048576K
Event: 4904.994 GC heap after
Heap after GC invocations=13 (full 5):
 PSYoungGen      total 175104K, used 0K [0x0000000742300000, 0x000000074e600000, 0x00000007c0000000)
  eden space 167936K, 0% used [0x0000000742300000,0x0000000742300000,0x000000074c700000)
  from space 7168K, 0% used [0x000000074df00000,0x000000074df00000,0x000000074e600000)
  to   space 15872K, 0% used [0x000000074c700000,0x000000074c700000,0x000000074d680000)
 ParOldGen       total 137728K, used 34867K [0x0000000646800000, 0x000000064ee80000, 0x0000000742300000)
  object space 137728K, 25% used [0x0000000646800000,0x0000000648a0cf88,0x000000064ee80000)
 Metaspace       used 29727K, capacity 30184K, committed 30384K, reserved 1075200K
  class space    used 3843K, capacity 3976K, committed 4016K, reserved 1048576K
}
Event: 4911.539 GC heap before
{Heap before GC invocations=14 (full 5):
 PSYoungGen      total 175104K, used 3333K [0x0000000742300000, 0x000000074e600000, 0x00000007c0000000)
  eden space 167936K, 1% used [0x0000000742300000,0x0000000742641728,0x000000074c700000)
  from space 7168K, 0% used [0x000000074df00000,0x000000074df00000,0x000000074e600000)
  to   space 15872K, 0% used [0x000000074c700000,0x000000074c700000,0x000000074d680000)
 ParOldGen       total 137728K, used 34867K [0x0000000646800000, 0x000000064ee80000, 0x0000000742300000)
  object space 137728K, 25% used [0x0000000646800000,0x0000000648a0cf88,0x000000064ee80000)
 Metaspace       used 29750K, capacity 30248K, committed 30384K, reserved 1075200K
  class space    used 3843K, capacity 3976K, committed 4016K, reserved 1048576K
Event: 4911.541 GC heap after
Heap after GC invocations=14 (full 5):
 PSYoungGen      total 183808K, used 224K [0x0000000742300000, 0x000000074e600000, 0x00000007c0000000)
  eden space 167936K, 0% used [0x0000000742300000,0x0000000742300000,0x000000074c700000)
  from space 15872K, 1% used [0x000000074c700000,0x000000074c738000,0x000000074d680000)
  to   space 15872K, 0% used [0x000000074d680000,0x000000074d680000,0x000000074e600000)
 ParOldGen       total 137728K, used 34867K [0x0000000646800000, 0x000000064ee80000, 0x0000000742300000)
  object space 137728K, 25% used [0x0000000646800000,0x0000000648a0cf88,0x000000064ee80000)
 Metaspace       used 29750K, capacity 30248K, committed 30384K, reserved 1075200K
  class space    used 3843K, capacity 3976K, committed 4016K, reserved 1048576K
}
Event: 4911.541 GC heap before
{Heap before GC invocations=15 (full 6):
 PSYoungGen      total 183808K, used 224K [0x0000000742300000, 0x000000074e600000, 0x00000007c0000000)
  eden space 167936K, 0% used [0x0000000742300000,0x0000000742300000,0x000000074c700000)
  from space 15872K, 1% used [0x000000074c700000,0x000000074c738000,0x000000074d680000)
  to   space 15872K, 0% used [0x000000074d680000,0x000000074d680000,0x000000074e600000)
 ParOldGen       total 137728K, used 34867K [0x0000000646800000, 0x000000064ee80000, 0x0000000742300000)
  object space 137728K, 25% used [0x0000000646800000,0x0000000648a0cf88,0x000000064ee80000)
 Metaspace       used 29750K, capacity 30248K, committed 30384K, reserved 1075200K
  class space    used 3843K, capacity 3976K, committed 4016K, reserved 1048576K
Event: 4911.620 GC heap after
Heap after GC invocations=15 (full 6):
 PSYoungGen      total 183808K, used 0K [0x0000000742300000, 0x000000074e600000, 0x00000007c0000000)
  eden space 167936K, 0% used [0x0000000742300000,0x0000000742300000,0x000000074c700000)
  from space 15872K, 0% used [0x000000074c700000,0x000000074c700000,0x000000074d680000)
  to   space 15872K, 0% used [0x000000074d680000,0x000000074d680000,0x000000074e600000)
 ParOldGen       total 137728K, used 33998K [0x0000000646800000, 0x000000064ee80000, 0x0000000742300000)
  object space 137728K, 24% used [0x0000000646800000,0x0000000648933928,0x000000064ee80000)
 Metaspace       used 29750K, capacity 30248K, committed 30384K, reserved 1075200K
  class space    used 3843K, capacity 3976K, committed 4016K, reserved 1048576K
}
Event: 5028.751 GC heap before
{Heap before GC invocations=16 (full 6):
 PSYoungGen      total 183808K, used 167936K [0x0000000742300000, 0x000000074e600000, 0x00000007c0000000)
  eden space 167936K, 100% used [0x0000000742300000,0x000000074c700000,0x000000074c700000)
  from space 15872K, 0% used [0x000000074c700000,0x000000074c700000,0x000000074d680000)
  to   space 15872K, 0% used [0x000000074d680000,0x000000074d680000,0x000000074e600000)
 ParOldGen       total 137728K, used 33998K [0x0000000646800000, 0x000000064ee80000, 0x0000000742300000)
  object space 137728K, 24% used [0x0000000646800000,0x0000000648933928,0x000000064ee80000)
 Metaspace       used 30235K, capacity 30728K, committed 30896K, reserved 1077248K
  class space    used 3859K, capacity 4008K, committed 4016K, reserved 1048576K
Event: 5028.761 GC heap after
Heap after GC invocations=16 (full 6):
 PSYoungGen      total 155648K, used 11869K [0x0000000742300000, 0x0000000758980000, 0x00000007c0000000)
  eden space 139776K, 0% used [0x0000000742300000,0x0000000742300000,0x000000074ab80000)
  from space 15872K, 74% used [0x000000074d680000,0x000000074e217690,0x000000074e600000)
  to   space 44032K, 0% used [0x000000074ab80000,0x000000074ab80000,0x000000074d680000)
 ParOldGen       total 137728K, used 38853K [0x0000000646800000, 0x000000064ee80000, 0x0000000742300000)
  object space 137728K, 28% used [0x0000000646800000,0x0000000648df1470,0x000000064ee80000)
 Metaspace       used 30235K, capacity 30728K, committed 30896K, reserved 1077248K
  class space    used 3859K, capacity 4008K, committed 4016K, reserved 1048576K
}

